#
# A fatal error has been detected by the Java Runtime Environment:
#
#  SIGBUS (0xa) at pc=0x0000000106554e92, pid=39674, tid=0x0000000000014603
#
# JRE version: Java(TM) SE Runtime Environment (8.0_162-b12) (build 1.8.0_162-b12)
# Java VM: Java HotSpot(TM) 64-Bit Server VM (25.162-b12 mixed mode bsd-amd64 compressed oops)
# Problematic frame:
# C  [libzip.dylib+0x2e92]  newEntry+0x154
#
# Failed to write core dump. Core dumps have been disabled. To enable core dumping, try "ulimit -c unlimited" before starting Java again
#
# If you would like to submit a bug report, please visit:
#   http://bugreport.java.com/bugreport/crash.jsp
# The crash happened outside the Java Virtual Machine in native code.
# See problematic frame for where to report the bug.
#

---------------  T H R E A D  ---------------

Current thread (0x00007fe0af9e1000):  JavaThread "Thread-4" [_thread_in_native, id=83459, stack(0x00007000050f3000,0x00007000051f3000)]

siginfo: si_signo: 10 (SIGBUS), si_code: 2 (BUS_ADRERR), si_addr: 0x00000001251c4c7e

Registers:
RAX=0x00007fe0aab02310, RBX=0x00000001251c4c72, RCX=0x0000000000000001, RDX=0x0000000000000000
RSP=0x00007000051ee350, RBP=0x00007000051ee3b0, RSI=0x00000000ffffff87, RDI=0x00000000000009dd
R8 =0x000000000aac9dc7, R9 =0x0000000000000004, R10=0x00000000ffffff80, R11=0x00007fe0aac00000
R12=0x0000000125184000, R13=0x0000000000000b10, R14=0x00000000991e0ffa, R15=0x00007fe0a9e31bb0
RIP=0x0000000106554e92, EFLAGS=0x0000000000010206, ERR=0x0000000000000004
  TRAPNO=0x000000000000000e

Top of Stack: (sp=0x00007000051ee350)
0x00007000051ee350:   00007000051ef5e0 00000000094e4b39
0x00007000051ee360:   00000001094e4ad0 0000000100000000
0x00007000051ee370:   00007000051ee390 00007fe0aab02310
0x00007000051ee380:   00007fe0aac9dc20 00007fe0aab02310
0x00007000051ee390:   0000000125184000 0000000000000b10
0x00007000051ee3a0:   00000000991e0ffa 00007fe0a9e31bb0
0x00007000051ee3b0:   00007000051ee410 000000010655552d
0x00007000051ee3c0:   00007000051ee45b 00007000051ee45a
0x00007000051ee3d0:   0000002b00000000 0000002c019e1000
0x00007000051ee3e0:   00007000051ee42e 00007000051ee878
0x00007000051ee3f0:   000000000000002c 00007000051ee42e
0x00007000051ee400:   00007fe0aab02310 00007fe0af9e11f8
0x00007000051ee410:   00007000051ee860 0000000106554238
0x00007000051ee420:   00007000051ee400 6f697fe000000001
0x00007000051ee430:   632f78747265762f 656c69662f65726f
0x00007000051ee440:   737953656c69462f 70656378456d6574
0x00007000051ee450:   616c632e6e6f6974 0000000000007373
0x00007000051ee460:   00007000051ee5f0 000000010942f11a
0x00007000051ee470:   000000010942f050 0000003000000000
0x00007000051ee480:   0000000000000000 00007000051ee5f0
0x00007000051ee490:   000000012130df28 00007fe0af9e1000
0x00007000051ee4a0:   000000012130df28 00007fe0af9e1000
0x00007000051ee4b0:   00007000051ee840 00007fff4f60d927
0x00007000051ee4c0:   000000012130df28 000000010988a810
0x00007000051ee4d0:   00007000051ee528 000000012130df28
0x00007000051ee4e0:   000000010988a810 00007fe0af9e1000
0x00007000051ee4f0:   0000000000000000 000000076e1af4f0
0x00007000051ee500:   00007fe0af9e1000 00007000051ee5b0
0x00007000051ee510:   00007000051ee590 0000000108925cfa
0x00007000051ee520:   00007000051ee570 00007fe0af9e1000
0x00007000051ee530:   0000000100000001 000000012130df28
0x00007000051ee540:   00007fe0af9e1000 0000000000000000 

Instructions: (pc=0x0000000106554e92)
0x0000000106554e72:   49 8b 7f 38 e8 5b 1b 00 00 4d 89 77 38 49 89 5f
0x0000000106554e82:   40 4c 89 f0 48 85 c0 0f 84 11 05 00 00 48 89 c3
0x0000000106554e92:   0f b6 43 0c 0f b6 4b 0d 48 c1 e1 08 48 01 c1 0f
0x0000000106554ea2:   b6 43 0e 0f b6 53 0f 48 c1 e2 08 48 01 c2 48 c1 

Register to memory mapping:

RAX=0x00007fe0aab02310 is an unknown value
RBX=0x00000001251c4c72 is an unknown value
RCX=0x0000000000000001 is an unknown value
RDX=0x0000000000000000 is an unknown value
RSP=0x00007000051ee350 is pointing into the stack for thread: 0x00007fe0af9e1000
RBP=0x00007000051ee3b0 is pointing into the stack for thread: 0x00007fe0af9e1000
RSI=0x00000000ffffff87 is an unknown value
RDI=0x00000000000009dd is an unknown value
R8 =0x000000000aac9dc7 is an unknown value
R9 =0x0000000000000004 is an unknown value
R10=0x00000000ffffff80 is an unknown value
R11=0x00007fe0aac00000 is an unknown value
R12=0x0000000125184000 is an unknown value
R13=0x0000000000000b10 is an unknown value
R14=0x00000000991e0ffa is an unknown value
R15=0x00007fe0a9e31bb0 is an unknown value


Stack: [0x00007000050f3000,0x00007000051f3000],  sp=0x00007000051ee350,  free space=1004k
Native frames: (J=compiled Java code, j=interpreted, Vv=VM code, C=native code)
C  [libzip.dylib+0x2e92]  newEntry+0x154
C  [libzip.dylib+0x352d]  ZIP_GetEntry2+0xd4
C  [libzip.dylib+0x2238]  Java_java_util_zip_ZipFile_getEntry+0xcf
J 297  java.util.zip.ZipFile.getEntry(J[BZ)J (0 bytes) @ 0x0000000109589f0e [0x0000000109589e40+0xce]
J 1393 C2 sun.misc.URLClassPath$JarLoader.getResource(Ljava/lang/String;Z)Lsun/misc/Resource; (85 bytes) @ 0x000000010987c148 [0x000000010987bc00+0x548]
J 1438 C2 sun.misc.URLClassPath.getResource(Ljava/lang/String;Z)Lsun/misc/Resource; (83 bytes) @ 0x000000010988ab10 [0x000000010988a9c0+0x150]
J 1525 C2 java.net.URLClassLoader$1.run()Ljava/lang/Object; (5 bytes) @ 0x00000001098f0d78 [0x00000001098f0840+0x538]
v  ~StubRoutines::call_stub
V  [libjvm.dylib+0x2ef6ce]
V  [libjvm.dylib+0x34fecc]
J 313  java.security.AccessController.doPrivileged(Ljava/security/PrivilegedExceptionAction;Ljava/security/AccessControlContext;)Ljava/lang/Object; (0 bytes) @ 0x00000001095904d5 [0x0000000109590400+0xd5]
J 797 C2 java.net.URLClassLoader.findClass(Ljava/lang/String;)Ljava/lang/Class; (47 bytes) @ 0x00000001096c00fc [0x00000001096c0060+0x9c]
J 927 C1 java.lang.ClassLoader.loadClass(Ljava/lang/String;Z)Ljava/lang/Class; (122 bytes) @ 0x00000001096f858c [0x00000001096f7bc0+0x9cc]
J 306 C1 sun.misc.Launcher$AppClassLoader.loadClass(Ljava/lang/String;Z)Ljava/lang/Class; (85 bytes) @ 0x000000010958cde4 [0x000000010958c440+0x9a4]
J 305 C1 java.lang.ClassLoader.loadClass(Ljava/lang/String;)Ljava/lang/Class; (7 bytes) @ 0x000000010958c084 [0x000000010958bf80+0x104]
v  ~StubRoutines::call_stub
V  [libjvm.dylib+0x2ef6ce]
V  [libjvm.dylib+0x2efe72]
V  [libjvm.dylib+0x2effca]
V  [libjvm.dylib+0x53fae2]
V  [libjvm.dylib+0x53f2aa]
V  [libjvm.dylib+0x53fcfe]
V  [libjvm.dylib+0x5403b1]
V  [libjvm.dylib+0x58b49e]
V  [libjvm.dylib+0x50c4bf]
V  [libjvm.dylib+0x593255]
V  [libjvm.dylib+0x5aa82a]
V  [libjvm.dylib+0x5ab49e]
V  [libjvm.dylib+0x2c3155]
V  [libjvm.dylib+0x2c34b7]
V  [libjvm.dylib+0x2c34ef]
V  [libjvm.dylib+0x2c3c0b]
V  [libjvm.dylib+0x2eb0f2]
j  io.vertx.core.file.impl.FileSystemImpl.deleteInternal(Ljava/lang/String;ZLio/vertx/core/Handler;)Lio/vertx/core/file/impl/FileSystemImpl$BlockingAction;+5
j  io.vertx.core.file.impl.FileSystemImpl.deleteRecursive(Ljava/lang/String;ZLio/vertx/core/Handler;)Lio/vertx/core/file/FileSystem;+4
j  io.vertx.core.impl.FileResolver.deleteCacheDir(Lio/vertx/core/Handler;)V+35
j  io.vertx.core.impl.FileResolver.lambda$setupCacheDir$1()V+16
j  io.vertx.core.impl.FileResolver$$Lambda$2.run()V+4
j  java.lang.Thread.run()V+11
v  ~StubRoutines::call_stub
V  [libjvm.dylib+0x2ef6ce]
V  [libjvm.dylib+0x2efe72]
V  [libjvm.dylib+0x2f001e]
V  [libjvm.dylib+0x34a815]
V  [libjvm.dylib+0x56ed0f]
V  [libjvm.dylib+0x57040a]
V  [libjvm.dylib+0x48d672]
C  [libsystem_pthread.dylib+0x36c1]  _pthread_body+0x154
C  [libsystem_pthread.dylib+0x356d]  _pthread_body+0x0
C  [libsystem_pthread.dylib+0x2c5d]  thread_start+0xd
C  0x0000000000000000

Java frames: (J=compiled Java code, j=interpreted, Vv=VM code)
J 297  java.util.zip.ZipFile.getEntry(J[BZ)J (0 bytes) @ 0x0000000109589e98 [0x0000000109589e40+0x58]
J 1393 C2 sun.misc.URLClassPath$JarLoader.getResource(Ljava/lang/String;Z)Lsun/misc/Resource; (85 bytes) @ 0x000000010987c148 [0x000000010987bc00+0x548]
J 1438 C2 sun.misc.URLClassPath.getResource(Ljava/lang/String;Z)Lsun/misc/Resource; (83 bytes) @ 0x000000010988ab10 [0x000000010988a9c0+0x150]
J 1525 C2 java.net.URLClassLoader$1.run()Ljava/lang/Object; (5 bytes) @ 0x00000001098f0d78 [0x00000001098f0840+0x538]
v  ~StubRoutines::call_stub
J 313  java.security.AccessController.doPrivileged(Ljava/security/PrivilegedExceptionAction;Ljava/security/AccessControlContext;)Ljava/lang/Object; (0 bytes) @ 0x0000000109590463 [0x0000000109590400+0x63]
J 797 C2 java.net.URLClassLoader.findClass(Ljava/lang/String;)Ljava/lang/Class; (47 bytes) @ 0x00000001096c00fc [0x00000001096c0060+0x9c]
J 927 C1 java.lang.ClassLoader.loadClass(Ljava/lang/String;Z)Ljava/lang/Class; (122 bytes) @ 0x00000001096f858c [0x00000001096f7bc0+0x9cc]
J 306 C1 sun.misc.Launcher$AppClassLoader.loadClass(Ljava/lang/String;Z)Ljava/lang/Class; (85 bytes) @ 0x000000010958cde4 [0x000000010958c440+0x9a4]
J 305 C1 java.lang.ClassLoader.loadClass(Ljava/lang/String;)Ljava/lang/Class; (7 bytes) @ 0x000000010958c084 [0x000000010958bf80+0x104]
v  ~StubRoutines::call_stub
j  io.vertx.core.file.impl.FileSystemImpl.deleteInternal(Ljava/lang/String;ZLio/vertx/core/Handler;)Lio/vertx/core/file/impl/FileSystemImpl$BlockingAction;+5
j  io.vertx.core.file.impl.FileSystemImpl.deleteRecursive(Ljava/lang/String;ZLio/vertx/core/Handler;)Lio/vertx/core/file/FileSystem;+4
j  io.vertx.core.impl.FileResolver.deleteCacheDir(Lio/vertx/core/Handler;)V+35
j  io.vertx.core.impl.FileResolver.lambda$setupCacheDir$1()V+16
j  io.vertx.core.impl.FileResolver$$Lambda$2.run()V+4
j  java.lang.Thread.run()V+11
v  ~StubRoutines::call_stub

---------------  P R O C E S S  ---------------

Java Threads: ( => current thread )
  0x00007fe0b1005800 JavaThread "Thread-2" [_thread_blocked, id=46339, stack(0x00007000052f9000,0x00007000053f9000)]
  0x00007fe0b1004800 JavaThread "hz.ShutdownThread" [_thread_in_vm, id=45827, stack(0x00007000051f6000,0x00007000052f6000)]
=>0x00007fe0af9e1000 JavaThread "Thread-4" [_thread_in_native, id=83459, stack(0x00007000050f3000,0x00007000051f3000)]
  0x00007fe0af9e0000 JavaThread "SIGINT handler" daemon [_thread_blocked, id=83971, stack(0x0000700004ff0000,0x00007000050f0000)]
  0x00007fe0af237800 JavaThread "vert.x-worker-thread-1" [_thread_blocked, id=45315, stack(0x0000700004eed000,0x0000700004fed000)]
  0x00007fe0ac2b2800 JavaThread "threadDeathWatcher-2-1" daemon [_thread_blocked, id=4103, stack(0x0000700004dea000,0x0000700004eea000)]
  0x00007fe0abf8c800 JavaThread "vert.x-eventloop-thread-5" [_thread_in_native, id=45059, stack(0x0000700004ce7000,0x0000700004de7000)]
  0x00007fe0aea1d800 JavaThread "vert.x-acceptor-thread-0" [_thread_in_native, id=84739, stack(0x0000700004be4000,0x0000700004ce4000)]
  0x00007fe0aea1c800 JavaThread "vert.x-eventloop-thread-4" [_thread_in_native, id=44803, stack(0x0000700004ae1000,0x0000700004be1000)]
  0x00007fe0abf43800 JavaThread "vert.x-eventloop-thread-3" [_thread_in_native, id=85507, stack(0x00007000049de000,0x0000700004ade000)]
  0x00007fe0aba87000 JavaThread "vert.x-eventloop-thread-2" [_thread_in_native, id=44547, stack(0x00007000048db000,0x00007000049db000)]
  0x00007fe0aa03c800 JavaThread "vert.x-worker-thread-0" [_thread_blocked, id=44035, stack(0x00007000046d5000,0x00007000047d5000)]
  0x00007fe0ae022800 JavaThread "vert.x-worker-thread-1" [_thread_blocked, id=86787, stack(0x00007000045d2000,0x00007000046d2000)]
  0x00007fe0ab8b7800 JavaThread "vert.x-eventloop-thread-0" [_thread_in_native, id=43779, stack(0x00007000044cf000,0x00007000045cf000)]
  0x00007fe0ab958800 JavaThread "vert.x-worker-thread-0" [_thread_blocked, id=22531, stack(0x0000700001d5a000,0x0000700001e5a000)]
  0x00007fe0ab937800 JavaThread "vertx-blocked-thread-checker" daemon [_thread_blocked, id=42499, stack(0x0000700001c57000,0x0000700001d57000)]
  0x00007fe0aa1d1800 JavaThread "vert.x-eventloop-thread-1" [_thread_in_native, id=22019, stack(0x0000700001b54000,0x0000700001c54000)]
  0x00007fe0ab801800 JavaThread "DestroyJavaVM" [_thread_blocked, id=9731, stack(0x0000700000615000,0x0000700000715000)]
  0x00007fe0ac823000 JavaThread "vert.x-eventloop-thread-0" [_thread_in_native, id=43011, stack(0x0000700001a51000,0x0000700001b51000)]
  0x00007fe0ab897000 JavaThread "vertx-blocked-thread-checker" daemon [_thread_blocked, id=21763, stack(0x000070000194e000,0x0000700001a4e000)]
  0x00007fe0aa012800 JavaThread "Service Thread" daemon [_thread_blocked, id=15619, stack(0x0000700001748000,0x0000700001848000)]
  0x00007fe0aa017800 JavaThread "C1 CompilerThread3" daemon [_thread_blocked, id=16643, stack(0x0000700001645000,0x0000700001745000)]
  0x00007fe0ab802000 JavaThread "C2 CompilerThread2" daemon [_thread_blocked, id=14851, stack(0x0000700001542000,0x0000700001642000)]
  0x00007fe0ad04e800 JavaThread "C2 CompilerThread1" daemon [_thread_blocked, id=14595, stack(0x000070000143f000,0x000070000153f000)]
  0x00007fe0ad047800 JavaThread "C2 CompilerThread0" daemon [_thread_blocked, id=17411, stack(0x000070000133c000,0x000070000143c000)]
  0x00007fe0ad046800 JavaThread "Signal Dispatcher" daemon [_thread_blocked, id=14087, stack(0x0000700001239000,0x0000700001339000)]
  0x00007fe0ac01c000 JavaThread "Finalizer" daemon [_thread_blocked, id=20227, stack(0x0000700001136000,0x0000700001236000)]
  0x00007fe0ab001800 JavaThread "Reference Handler" daemon [_thread_blocked, id=13059, stack(0x0000700001033000,0x0000700001133000)]

Other Threads:
  0x00007fe0ad020800 VMThread [stack: 0x0000700000f30000,0x0000700001030000] [id=12547]
  0x00007fe0aa013800 WatcherThread [stack: 0x000070000184b000,0x000070000194b000] [id=16131]

VM state:not at safepoint (normal execution)

VM Mutex/Monitor currently owned by a thread: None

Heap:
 PSYoungGen      total 76288K, used 17538K [0x000000076ab00000, 0x0000000773600000, 0x00000007c0000000)
  eden space 65536K, 10% used [0x000000076ab00000,0x000000076b1a8898,0x000000076eb00000)
  from space 10752K, 99% used [0x0000000772780000,0x00000007731f8200,0x0000000773200000)
  to   space 4096K, 0% used [0x0000000773200000,0x0000000773200000,0x0000000773600000)
 ParOldGen       total 100352K, used 7392K [0x00000006c0000000, 0x00000006c6200000, 0x000000076ab00000)
  object space 100352K, 7% used [0x00000006c0000000,0x00000006c07382c0,0x00000006c6200000)
 Metaspace       used 34146K, capacity 34868K, committed 34944K, reserved 1079296K
  class space    used 4771K, capacity 4935K, committed 4992K, reserved 1048576K

Card table byte_map: [0x00000001079c0000,0x00000001081c1000] byte_map_base: 0x00000001043c0000

Marking Bits: (ParMarkBitMap*) 0x0000000108d326c0
 Begin Bits: [0x000000011893f000, 0x000000011c93f000)
 End Bits:   [0x000000011c93f000, 0x000000012093f000)

Polling page: 0x0000000106508000

CodeCache: size=245760Kb used=5527Kb max_used=5654Kb free=240232Kb
 bounds [0x00000001093e9000, 0x0000000109979000, 0x00000001183e9000]
 total_blobs=2156 nmethods=1688 adapters=381
 compilation: enabled

Compilation events (10 events):
Event: 101.139 Thread 0x00007fe0ad047800 1757       4       java.util.concurrent.ConcurrentHashMap$Traverser::<init> (36 bytes)
Event: 101.140 Thread 0x00007fe0ab802000 nmethod 1756 0x000000010951c8d0 code [0x000000010951ca20, 0x000000010951ca98]
Event: 101.140 Thread 0x00007fe0ad047800 nmethod 1757 0x0000000109619d50 code [0x0000000109619ea0, 0x0000000109619f38]
Event: 101.166 Thread 0x00007fe0aa017800 1758       3       java.util.HashSet::size (8 bytes)
Event: 101.166 Thread 0x00007fe0aa017800 nmethod 1758 0x0000000109968150 code [0x00000001099682c0, 0x00000001099684b0]
Event: 105.089 Thread 0x00007fe0aa017800 1759       3       java.util.regex.Pattern$Curly::match (86 bytes)
Event: 105.090 Thread 0x00007fe0aa017800 nmethod 1759 0x00000001099677d0 code [0x0000000109967980, 0x0000000109967f98]
Event: 105.090 Thread 0x00007fe0aa017800 1760       3       java.lang.invoke.MethodHandleNatives::findMethodHandleType (7 bytes)
Event: 105.090 Thread 0x00007fe0aa017800 nmethod 1760 0x0000000109966a50 code [0x0000000109966bc0, 0x0000000109966d28]
Event: 105.090 Thread 0x00007fe0aa017800 1761       3       sun.util.locale.LocaleUtils::isAlpha (30 bytes)

GC Heap History (6 events):
Event: 0.959 GC heap before
{Heap before GC invocations=1 (full 0):
 PSYoungGen      total 76288K, used 65536K [0x000000076ab00000, 0x0000000770000000, 0x00000007c0000000)
  eden space 65536K, 100% used [0x000000076ab00000,0x000000076eb00000,0x000000076eb00000)
  from space 10752K, 0% used [0x000000076f580000,0x000000076f580000,0x0000000770000000)
  to   space 10752K, 0% used [0x000000076eb00000,0x000000076eb00000,0x000000076f580000)
 ParOldGen       total 175104K, used 0K [0x00000006c0000000, 0x00000006cab00000, 0x000000076ab00000)
  object space 175104K, 0% used [0x00000006c0000000,0x00000006c0000000,0x00000006cab00000)
 Metaspace       used 18251K, capacity 18484K, committed 18816K, reserved 1064960K
  class space    used 2536K, capacity 2618K, committed 2688K, reserved 1048576K
Event: 0.976 GC heap after
Heap after GC invocations=1 (full 0):
 PSYoungGen      total 76288K, used 10721K [0x000000076ab00000, 0x0000000774000000, 0x00000007c0000000)
  eden space 65536K, 0% used [0x000000076ab00000,0x000000076ab00000,0x000000076eb00000)
  from space 10752K, 99% used [0x000000076eb00000,0x000000076f5784c8,0x000000076f580000)
  to   space 10752K, 0% used [0x0000000773580000,0x0000000773580000,0x0000000774000000)
 ParOldGen       total 175104K, used 4434K [0x00000006c0000000, 0x00000006cab00000, 0x000000076ab00000)
  object space 175104K, 2% used [0x00000006c0000000,0x00000006c0454ad8,0x00000006cab00000)
 Metaspace       used 18251K, capacity 18484K, committed 18816K, reserved 1064960K
  class space    used 2536K, capacity 2618K, committed 2688K, reserved 1048576K
}
Event: 4.464 GC heap before
{Heap before GC invocations=2 (full 0):
 PSYoungGen      total 76288K, used 28924K [0x000000076ab00000, 0x0000000774000000, 0x00000007c0000000)
  eden space 65536K, 27% used [0x000000076ab00000,0x000000076bcc6be8,0x000000076eb00000)
  from space 10752K, 99% used [0x000000076eb00000,0x000000076f5784c8,0x000000076f580000)
  to   space 10752K, 0% used [0x0000000773580000,0x0000000773580000,0x0000000774000000)
 ParOldGen       total 175104K, used 4434K [0x00000006c0000000, 0x00000006cab00000, 0x000000076ab00000)
  object space 175104K, 2% used [0x00000006c0000000,0x00000006c0454ad8,0x00000006cab00000)
 Metaspace       used 20910K, capacity 21096K, committed 21296K, reserved 1067008K
  class space    used 2891K, capacity 2974K, committed 3072K, reserved 1048576K
Event: 4.471 GC heap after
Heap after GC invocations=2 (full 0):
 PSYoungGen      total 72704K, used 7156K [0x000000076ab00000, 0x0000000773c80000, 0x00000007c0000000)
  eden space 65536K, 0% used [0x000000076ab00000,0x000000076ab00000,0x000000076eb00000)
  from space 7168K, 99% used [0x0000000773580000,0x0000000773c7d020,0x0000000773c80000)
  to   space 10752K, 0% used [0x0000000772780000,0x0000000772780000,0x0000000773200000)
 ParOldGen       total 175104K, used 4442K [0x00000006c0000000, 0x00000006cab00000, 0x000000076ab00000)
  object space 175104K, 2% used [0x00000006c0000000,0x00000006c0456ad8,0x00000006cab00000)
 Metaspace       used 20910K, capacity 21096K, committed 21296K, reserved 1067008K
  class space    used 2891K, capacity 2974K, committed 3072K, reserved 1048576K
}
Event: 4.471 GC heap before
{Heap before GC invocations=3 (full 1):
 PSYoungGen      total 72704K, used 7156K [0x000000076ab00000, 0x0000000773c80000, 0x00000007c0000000)
  eden space 65536K, 0% used [0x000000076ab00000,0x000000076ab00000,0x000000076eb00000)
  from space 7168K, 99% used [0x0000000773580000,0x0000000773c7d020,0x0000000773c80000)
  to   space 10752K, 0% used [0x0000000772780000,0x0000000772780000,0x0000000773200000)
 ParOldGen       total 175104K, used 4442K [0x00000006c0000000, 0x00000006cab00000, 0x000000076ab00000)
  object space 175104K, 2% used [0x00000006c0000000,0x00000006c0456ad8,0x00000006cab00000)
 Metaspace       used 20910K, capacity 21096K, committed 21296K, reserved 1067008K
  class space    used 2891K, capacity 2974K, committed 3072K, reserved 1048576K
Event: 4.491 GC heap after
Heap after GC invocations=3 (full 1):
 PSYoungGen      total 72704K, used 0K [0x000000076ab00000, 0x0000000773c80000, 0x00000007c0000000)
  eden space 65536K, 0% used [0x000000076ab00000,0x000000076ab00000,0x000000076eb00000)
  from space 7168K, 0% used [0x0000000773580000,0x0000000773580000,0x0000000773c80000)
  to   space 10752K, 0% used [0x0000000772780000,0x0000000772780000,0x0000000773200000)
 ParOldGen       total 100352K, used 7384K [0x00000006c0000000, 0x00000006c6200000, 0x000000076ab00000)
  object space 100352K, 7% used [0x00000006c0000000,0x00000006c07362c0,0x00000006c6200000)
 Metaspace       used 20910K, capacity 21096K, committed 21296K, reserved 1067008K
  class space    used 2891K, capacity 2974K, committed 3072K, reserved 1048576K
}

Deoptimization events (10 events):
Event: 4.805 Thread 0x00007fe0ab8b7800 Uncommon trap: reason=class_check action=maybe_recompile pc=0x00000001097b4d38 method=java.util.regex.Pattern$Curly.match(Ljava/util/regex/Matcher;ILjava/lang/CharSequence;)Z @ 19
Event: 4.805 Thread 0x00007fe0ab8b7800 Uncommon trap: reason=class_check action=maybe_recompile pc=0x00000001097b4d38 method=java.util.regex.Pattern$Curly.match(Ljava/util/regex/Matcher;ILjava/lang/CharSequence;)Z @ 19
Event: 4.805 Thread 0x00007fe0ab8b7800 Uncommon trap: reason=class_check action=maybe_recompile pc=0x00000001097b4d38 method=java.util.regex.Pattern$Curly.match(Ljava/util/regex/Matcher;ILjava/lang/CharSequence;)Z @ 19
Event: 4.805 Thread 0x00007fe0ab8b7800 Uncommon trap: reason=class_check action=maybe_recompile pc=0x00000001097b4d38 method=java.util.regex.Pattern$Curly.match(Ljava/util/regex/Matcher;ILjava/lang/CharSequence;)Z @ 19
Event: 4.876 Thread 0x00007fe0ab8b7800 Uncommon trap: reason=unstable_if action=reinterpret pc=0x00000001098593e8 method=java.util.Arrays.equals([B[B)Z @ 2
Event: 4.940 Thread 0x00007fe0ac1fc000 Uncommon trap: reason=unstable_if action=reinterpret pc=0x00000001097803b4 method=java.lang.CharacterDataLatin1.digit(II)I @ 60
Event: 4.940 Thread 0x00007fe0ac1fc000 Uncommon trap: reason=unstable_if action=reinterpret pc=0x000000010977fda8 method=java.lang.CharacterDataLatin1.digit(II)I @ 60
Event: 5.355 Thread 0x00007fe0aa03c800 Uncommon trap: reason=unstable_if action=reinterpret pc=0x000000010986ef34 method=java.util.regex.Pattern$Ctype.isSatisfiedBy(I)Z @ 4
Event: 7.695 Thread 0x00007fe0af237800 Uncommon trap: reason=unstable_if action=reinterpret pc=0x00000001096799e0 method=java.lang.AbstractStringBuilder.append(Ljava/lang/String;)Ljava/lang/AbstractStringBuilder; @ 1
Event: 31.136 Thread 0x00007fe0ac1fc000 Uncommon trap: reason=unstable_if action=reinterpret pc=0x000000010993f464 method=java.util.concurrent.SynchronousQueue$TransferStack.awaitFulfill(Ljava/util/concurrent/SynchronousQueue$TransferStack$SNode;ZJ)Ljava/util/concurrent/SynchronousQueue$Transfe

Classes redefined (0 events):
No events

Internal exceptions (10 events):
Event: 95.712 Thread 0x00007fe0ad852000 Exception <a 'java/net/SocketTimeoutException': Receive timed out> (0x000000076d257c70) thrown at [/Users/java_re/workspace/8-2-build-macosx-x86_64/jdk8u162/10278/hotspot/src/share/vm/prims/jni.cpp, line 735]
Event: 96.715 Thread 0x00007fe0ad852000 Exception <a 'java/net/SocketTimeoutException': Receive timed out> (0x000000076d257ed0) thrown at [/Users/java_re/workspace/8-2-build-macosx-x86_64/jdk8u162/10278/hotspot/src/share/vm/prims/jni.cpp, line 735]
Event: 97.721 Thread 0x00007fe0ad852000 Exception <a 'java/net/SocketTimeoutException': Receive timed out> (0x000000076d258130) thrown at [/Users/java_re/workspace/8-2-build-macosx-x86_64/jdk8u162/10278/hotspot/src/share/vm/prims/jni.cpp, line 735]
Event: 98.726 Thread 0x00007fe0ad852000 Exception <a 'java/net/SocketTimeoutException': Receive timed out> (0x000000076d258390) thrown at [/Users/java_re/workspace/8-2-build-macosx-x86_64/jdk8u162/10278/hotspot/src/share/vm/prims/jni.cpp, line 735]
Event: 99.729 Thread 0x00007fe0ad852000 Exception <a 'java/net/SocketTimeoutException': Receive timed out> (0x000000076d2585f0) thrown at [/Users/java_re/workspace/8-2-build-macosx-x86_64/jdk8u162/10278/hotspot/src/share/vm/prims/jni.cpp, line 735]
Event: 100.732 Thread 0x00007fe0ad852000 Exception <a 'java/net/SocketTimeoutException': Receive timed out> (0x000000076d258850) thrown at [/Users/java_re/workspace/8-2-build-macosx-x86_64/jdk8u162/10278/hotspot/src/share/vm/prims/jni.cpp, line 735]
Event: 101.737 Thread 0x00007fe0ad852000 Exception <a 'java/net/SocketTimeoutException': Receive timed out> (0x000000076d258ab0) thrown at [/Users/java_re/workspace/8-2-build-macosx-x86_64/jdk8u162/10278/hotspot/src/share/vm/prims/jni.cpp, line 735]
Event: 102.740 Thread 0x00007fe0ad852000 Exception <a 'java/net/SocketTimeoutException': Receive timed out> (0x000000076d258d10) thrown at [/Users/java_re/workspace/8-2-build-macosx-x86_64/jdk8u162/10278/hotspot/src/share/vm/prims/jni.cpp, line 735]
Event: 103.740 Thread 0x00007fe0ad852000 Exception <a 'java/net/SocketTimeoutException': Receive timed out> (0x000000076d258f70) thrown at [/Users/java_re/workspace/8-2-build-macosx-x86_64/jdk8u162/10278/hotspot/src/share/vm/prims/jni.cpp, line 735]
Event: 104.744 Thread 0x00007fe0ad852000 Exception <a 'java/net/SocketTimeoutException': Receive timed out> (0x000000076d2591d0) thrown at [/Users/java_re/workspace/8-2-build-macosx-x86_64/jdk8u162/10278/hotspot/src/share/vm/prims/jni.cpp, line 735]

Events (10 events):
Event: 105.089 Thread 0x00007fe0b1005800 Thread added: 0x00007fe0b1005800
Event: 105.089 Thread 0x00007fe0b1006000 Thread added: 0x00007fe0b1006000
Event: 105.089 loading class io/vertx/core/AsyncResult
Event: 105.089 loading class io/vertx/core/AsyncResult done
Event: 105.089 loading class io/vertx/core/AsyncResult
Event: 105.089 loading class io/vertx/core/AsyncResult done
Event: 105.090 loading class java/nio/file/FileVisitor
Event: 105.090 loading class java/nio/file/FileVisitor done
Event: 105.090 loading class io/vertx/core/file/FileSystemException
Event: 105.090 loading class io/vertx/core/file/FileSystemException done


Dynamic libraries:
0x0000000000236000 	/System/Library/Frameworks/Cocoa.framework/Versions/A/Cocoa
0x0000000000236000 	/System/Library/Frameworks/Security.framework/Versions/A/Security
0x0000000000236000 	/System/Library/Frameworks/ApplicationServices.framework/Versions/A/ApplicationServices
0x0000000000236000 	/usr/lib/libz.1.dylib
0x0000000000236000 	/usr/lib/libSystem.B.dylib
0x0000000000236000 	/usr/lib/libobjc.A.dylib
0x0000000000236000 	/System/Library/Frameworks/CoreFoundation.framework/Versions/A/CoreFoundation
0x0000000000236000 	/System/Library/Frameworks/Foundation.framework/Versions/C/Foundation
0x0000000000236000 	/System/Library/Frameworks/AppKit.framework/Versions/C/AppKit
0x0000000000236000 	/System/Library/Frameworks/CoreData.framework/Versions/A/CoreData
0x0000000000236000 	/System/Library/PrivateFrameworks/RemoteViewServices.framework/Versions/A/RemoteViewServices
0x0000000000236000 	/System/Library/PrivateFrameworks/UIFoundation.framework/Versions/A/UIFoundation
0x0000000000236000 	/System/Library/PrivateFrameworks/DFRFoundation.framework/Versions/A/DFRFoundation
0x0000000000236000 	/System/Library/Frameworks/Metal.framework/Versions/A/Metal
0x0000000000236000 	/System/Library/PrivateFrameworks/DesktopServicesPriv.framework/Versions/A/DesktopServicesPriv
0x0000000000236000 	/usr/lib/libenergytrace.dylib
0x0000000000236000 	/System/Library/PrivateFrameworks/SkyLight.framework/Versions/A/SkyLight
0x0000000000236000 	/System/Library/Frameworks/CoreGraphics.framework/Versions/A/CoreGraphics
0x0000000000236000 	/usr/lib/libScreenReader.dylib
0x0000000000236000 	/System/Library/Frameworks/Accelerate.framework/Versions/A/Accelerate
0x0000000000236000 	/System/Library/Frameworks/IOSurface.framework/Versions/A/IOSurface
0x0000000000236000 	/System/Library/Frameworks/AudioToolbox.framework/Versions/A/AudioToolbox
0x0000000000236000 	/System/Library/Frameworks/AudioUnit.framework/Versions/A/AudioUnit
0x0000000000236000 	/System/Library/PrivateFrameworks/DataDetectorsCore.framework/Versions/A/DataDetectorsCore
0x0000000000236000 	/System/Library/Frameworks/Carbon.framework/Versions/A/Frameworks/HIToolbox.framework/Versions/A/HIToolbox
0x0000000000236000 	/usr/lib/libicucore.A.dylib
0x0000000000236000 	/System/Library/Frameworks/QuartzCore.framework/Versions/A/QuartzCore
0x0000000000236000 	/System/Library/Frameworks/Carbon.framework/Versions/A/Frameworks/SpeechRecognition.framework/Versions/A/SpeechRecognition
0x0000000000236000 	/usr/lib/libauto.dylib
0x0000000000236000 	/usr/lib/libxml2.2.dylib
0x0000000000236000 	/System/Library/PrivateFrameworks/CoreUI.framework/Versions/A/CoreUI
0x0000000000236000 	/System/Library/Frameworks/CoreAudio.framework/Versions/A/CoreAudio
0x0000000000236000 	/System/Library/Frameworks/DiskArbitration.framework/Versions/A/DiskArbitration
0x0000000000236000 	/usr/lib/liblangid.dylib
0x0000000000236000 	/System/Library/PrivateFrameworks/MultitouchSupport.framework/Versions/A/MultitouchSupport
0x0000000000236000 	/System/Library/Frameworks/IOKit.framework/Versions/A/IOKit
0x0000000000236000 	/usr/lib/libDiagnosticMessagesClient.dylib
0x0000000000236000 	/System/Library/Frameworks/CoreServices.framework/Versions/A/CoreServices
0x0000000000236000 	/System/Library/PrivateFrameworks/PerformanceAnalysis.framework/Versions/A/PerformanceAnalysis
0x0000000000236000 	/System/Library/Frameworks/OpenGL.framework/Versions/A/OpenGL
0x0000000000236000 	/System/Library/Frameworks/ColorSync.framework/Versions/A/ColorSync
0x0000000000236000 	/System/Library/Frameworks/CoreImage.framework/Versions/A/CoreImage
0x0000000000236000 	/System/Library/Frameworks/CoreText.framework/Versions/A/CoreText
0x0000000000236000 	/System/Library/Frameworks/ImageIO.framework/Versions/A/ImageIO
0x0000000000236000 	/System/Library/PrivateFrameworks/Backup.framework/Versions/A/Backup
0x0000000000236000 	/usr/lib/libarchive.2.dylib
0x0000000000236000 	/System/Library/Frameworks/CFNetwork.framework/Versions/A/CFNetwork
0x0000000000236000 	/System/Library/Frameworks/SystemConfiguration.framework/Versions/A/SystemConfiguration
0x0000000000236000 	/usr/lib/libCRFSuite.dylib
0x0000000000236000 	/usr/lib/libc++.1.dylib
0x0000000000236000 	/usr/lib/libc++abi.dylib
0x0000000000236000 	/usr/lib/system/libcache.dylib
0x0000000000236000 	/usr/lib/system/libcommonCrypto.dylib
0x0000000000236000 	/usr/lib/system/libcompiler_rt.dylib
0x0000000000236000 	/usr/lib/system/libcopyfile.dylib
0x0000000000236000 	/usr/lib/system/libcorecrypto.dylib
0x0000000000236000 	/usr/lib/system/libdispatch.dylib
0x0000000000236000 	/usr/lib/system/libdyld.dylib
0x0000000000236000 	/usr/lib/system/libkeymgr.dylib
0x0000000000236000 	/usr/lib/system/liblaunch.dylib
0x0000000000236000 	/usr/lib/system/libmacho.dylib
0x0000000000236000 	/usr/lib/system/libquarantine.dylib
0x0000000000236000 	/usr/lib/system/libremovefile.dylib
0x0000000000236000 	/usr/lib/system/libsystem_asl.dylib
0x0000000000236000 	/usr/lib/system/libsystem_blocks.dylib
0x0000000000236000 	/usr/lib/system/libsystem_c.dylib
0x0000000000236000 	/usr/lib/system/libsystem_configuration.dylib
0x0000000000236000 	/usr/lib/system/libsystem_coreservices.dylib
0x0000000000236000 	/usr/lib/system/libsystem_darwin.dylib
0x0000000000236000 	/usr/lib/system/libsystem_dnssd.dylib
0x0000000000236000 	/usr/lib/system/libsystem_info.dylib
0x0000000000236000 	/usr/lib/system/libsystem_m.dylib
0x0000000000236000 	/usr/lib/system/libsystem_malloc.dylib
0x0000000000236000 	/usr/lib/system/libsystem_network.dylib
0x0000000000236000 	/usr/lib/system/libsystem_networkextension.dylib
0x0000000000236000 	/usr/lib/system/libsystem_notify.dylib
0x0000000000236000 	/usr/lib/system/libsystem_sandbox.dylib
0x0000000000236000 	/usr/lib/system/libsystem_secinit.dylib
0x0000000000236000 	/usr/lib/system/libsystem_kernel.dylib
0x0000000000236000 	/usr/lib/system/libsystem_platform.dylib
0x0000000000236000 	/usr/lib/system/libsystem_pthread.dylib
0x0000000000236000 	/usr/lib/system/libsystem_symptoms.dylib
0x0000000000236000 	/usr/lib/system/libsystem_trace.dylib
0x0000000000236000 	/usr/lib/system/libunwind.dylib
0x0000000000236000 	/usr/lib/system/libxpc.dylib
0x0000000000236000 	/usr/lib/closure/libclosured.dylib
0x0000000000236000 	/usr/lib/libbsm.0.dylib
0x0000000000236000 	/usr/lib/system/libkxld.dylib
0x0000000000236000 	/usr/lib/libOpenScriptingUtil.dylib
0x0000000000236000 	/usr/lib/libcoretls.dylib
0x0000000000236000 	/usr/lib/libcoretls_cfhelpers.dylib
0x0000000000236000 	/usr/lib/libpam.2.dylib
0x0000000000236000 	/usr/lib/libsqlite3.dylib
0x0000000000236000 	/usr/lib/libxar.1.dylib
0x0000000000236000 	/usr/lib/libbz2.1.0.dylib
0x0000000000236000 	/usr/lib/liblzma.5.dylib
0x0000000000236000 	/usr/lib/libnetwork.dylib
0x0000000000236000 	/usr/lib/libapple_nghttp2.dylib
0x0000000000236000 	/usr/lib/libpcap.A.dylib
0x0000000000236000 	/usr/lib/libboringssl.dylib
0x0000000000236000 	/usr/lib/libusrtcp.dylib
0x0000000000236000 	/usr/lib/libapple_crypto.dylib
0x0000000000236000 	/System/Library/Frameworks/CoreServices.framework/Versions/A/Frameworks/FSEvents.framework/Versions/A/FSEvents
0x0000000000236000 	/System/Library/Frameworks/CoreServices.framework/Versions/A/Frameworks/CarbonCore.framework/Versions/A/CarbonCore
0x0000000000236000 	/System/Library/Frameworks/CoreServices.framework/Versions/A/Frameworks/Metadata.framework/Versions/A/Metadata
0x0000000000236000 	/System/Library/Frameworks/CoreServices.framework/Versions/A/Frameworks/OSServices.framework/Versions/A/OSServices
0x0000000000236000 	/System/Library/Frameworks/CoreServices.framework/Versions/A/Frameworks/SearchKit.framework/Versions/A/SearchKit
0x0000000000236000 	/System/Library/Frameworks/CoreServices.framework/Versions/A/Frameworks/AE.framework/Versions/A/AE
0x0000000000236000 	/System/Library/Frameworks/CoreServices.framework/Versions/A/Frameworks/LaunchServices.framework/Versions/A/LaunchServices
0x0000000000236000 	/System/Library/Frameworks/CoreServices.framework/Versions/A/Frameworks/DictionaryServices.framework/Versions/A/DictionaryServices
0x0000000000236000 	/System/Library/Frameworks/CoreServices.framework/Versions/A/Frameworks/SharedFileList.framework/Versions/A/SharedFileList
0x0000000000236000 	/System/Library/Frameworks/NetFS.framework/Versions/A/NetFS
0x0000000000236000 	/System/Library/PrivateFrameworks/NetAuth.framework/Versions/A/NetAuth
0x0000000000236000 	/System/Library/PrivateFrameworks/login.framework/Versions/A/Frameworks/loginsupport.framework/Versions/A/loginsupport
0x0000000000236000 	/System/Library/PrivateFrameworks/TCC.framework/Versions/A/TCC
0x0000000000236000 	/usr/lib/libmecabra.dylib
0x0000000000236000 	/System/Library/Frameworks/ApplicationServices.framework/Versions/A/Frameworks/ATS.framework/Versions/A/ATS
0x0000000000236000 	/System/Library/Frameworks/ApplicationServices.framework/Versions/A/Frameworks/ColorSyncLegacy.framework/Versions/A/ColorSyncLegacy
0x0000000000236000 	/System/Library/Frameworks/ApplicationServices.framework/Versions/A/Frameworks/HIServices.framework/Versions/A/HIServices
0x0000000000236000 	/System/Library/Frameworks/ApplicationServices.framework/Versions/A/Frameworks/LangAnalysis.framework/Versions/A/LangAnalysis
0x0000000000236000 	/System/Library/Frameworks/ApplicationServices.framework/Versions/A/Frameworks/PrintCore.framework/Versions/A/PrintCore
0x0000000000236000 	/System/Library/Frameworks/ApplicationServices.framework/Versions/A/Frameworks/QD.framework/Versions/A/QD
0x0000000000236000 	/System/Library/Frameworks/ApplicationServices.framework/Versions/A/Frameworks/SpeechSynthesis.framework/Versions/A/SpeechSynthesis
0x0000000000236000 	/System/Library/Frameworks/CoreDisplay.framework/Versions/A/CoreDisplay
0x0000000000236000 	/System/Library/Frameworks/Accelerate.framework/Versions/A/Frameworks/vImage.framework/Versions/A/vImage
0x0000000000236000 	/System/Library/Frameworks/Accelerate.framework/Versions/A/Frameworks/vecLib.framework/Versions/A/vecLib
0x0000000000236000 	/System/Library/Frameworks/Accelerate.framework/Versions/A/Frameworks/vecLib.framework/Versions/A/libvDSP.dylib
0x0000000000236000 	/System/Library/Frameworks/Accelerate.framework/Versions/A/Frameworks/vecLib.framework/Versions/A/libBNNS.dylib
0x0000000000236000 	/System/Library/Frameworks/Accelerate.framework/Versions/A/Frameworks/vecLib.framework/Versions/A/libQuadrature.dylib
0x0000000000236000 	/System/Library/Frameworks/Accelerate.framework/Versions/A/Frameworks/vecLib.framework/Versions/A/libvMisc.dylib
0x0000000000236000 	/System/Library/Frameworks/Accelerate.framework/Versions/A/Frameworks/vecLib.framework/Versions/A/libLAPACK.dylib
0x0000000000236000 	/System/Library/Frameworks/Accelerate.framework/Versions/A/Frameworks/vecLib.framework/Versions/A/libBLAS.dylib
0x0000000000236000 	/System/Library/Frameworks/Accelerate.framework/Versions/A/Frameworks/vecLib.framework/Versions/A/libLinearAlgebra.dylib
0x0000000000236000 	/System/Library/Frameworks/Accelerate.framework/Versions/A/Frameworks/vecLib.framework/Versions/A/libSparse.dylib
0x0000000000236000 	/System/Library/Frameworks/Accelerate.framework/Versions/A/Frameworks/vecLib.framework/Versions/A/libSparseBLAS.dylib
0x0000000000236000 	/System/Library/PrivateFrameworks/IOAccelerator.framework/Versions/A/IOAccelerator
0x0000000000236000 	/System/Library/PrivateFrameworks/IOPresentment.framework/Versions/A/IOPresentment
0x0000000000236000 	/System/Library/PrivateFrameworks/DSExternalDisplay.framework/Versions/A/DSExternalDisplay
0x0000000000236000 	/System/Library/Frameworks/OpenGL.framework/Versions/A/Libraries/libCoreFSCache.dylib
0x0000000000236000 	/System/Library/Frameworks/CoreVideo.framework/Versions/A/CoreVideo
0x0000000000236000 	/System/Library/PrivateFrameworks/GraphVisualizer.framework/Versions/A/GraphVisualizer
0x0000000000236000 	/System/Library/Frameworks/MetalPerformanceShaders.framework/Versions/A/MetalPerformanceShaders
0x0000000000236000 	/usr/lib/libFosl_dynamic.dylib
0x0000000000236000 	/System/Library/PrivateFrameworks/FaceCore.framework/Versions/A/FaceCore
0x0000000000236000 	/System/Library/Frameworks/OpenCL.framework/Versions/A/OpenCL
0x0000000000236000 	/usr/lib/libcompression.dylib
0x0000000000236000 	/System/Library/Frameworks/ApplicationServices.framework/Versions/A/Frameworks/ATS.framework/Versions/A/Resources/libFontParser.dylib
0x0000000000236000 	/System/Library/Frameworks/ApplicationServices.framework/Versions/A/Frameworks/ATS.framework/Versions/A/Resources/libFontRegistry.dylib
0x0000000000236000 	/System/Library/Frameworks/ImageIO.framework/Versions/A/Resources/libJPEG.dylib
0x0000000000236000 	/System/Library/Frameworks/ImageIO.framework/Versions/A/Resources/libTIFF.dylib
0x0000000000236000 	/System/Library/Frameworks/ImageIO.framework/Versions/A/Resources/libPng.dylib
0x0000000000236000 	/System/Library/Frameworks/ImageIO.framework/Versions/A/Resources/libGIF.dylib
0x0000000000236000 	/System/Library/Frameworks/ImageIO.framework/Versions/A/Resources/libJP2.dylib
0x0000000000236000 	/System/Library/Frameworks/ImageIO.framework/Versions/A/Resources/libRadiance.dylib
0x0000000000236000 	/System/Library/PrivateFrameworks/AppleJPEG.framework/Versions/A/AppleJPEG
0x0000000000236000 	/System/Library/PrivateFrameworks/MetalTools.framework/Versions/A/MetalTools
0x0000000000236000 	/System/Library/Frameworks/MetalPerformanceShaders.framework/Frameworks/MPSCore.framework/Versions/A/MPSCore
0x0000000000236000 	/System/Library/Frameworks/MetalPerformanceShaders.framework/Frameworks/MPSImage.framework/Versions/A/MPSImage
0x0000000000236000 	/System/Library/Frameworks/MetalPerformanceShaders.framework/Frameworks/MPSMatrix.framework/Versions/A/MPSMatrix
0x0000000000236000 	/System/Library/Frameworks/MetalPerformanceShaders.framework/Frameworks/MPSNeuralNetwork.framework/Versions/A/MPSNeuralNetwork
0x0000000000236000 	/System/Library/Frameworks/OpenGL.framework/Versions/A/Libraries/libGLU.dylib
0x0000000000236000 	/System/Library/Frameworks/OpenGL.framework/Versions/A/Libraries/libGFXShared.dylib
0x0000000000236000 	/System/Library/Frameworks/OpenGL.framework/Versions/A/Libraries/libGL.dylib
0x0000000000236000 	/System/Library/Frameworks/OpenGL.framework/Versions/A/Libraries/libGLImage.dylib
0x0000000000236000 	/System/Library/Frameworks/OpenGL.framework/Versions/A/Libraries/libCVMSPluginSupport.dylib
0x0000000000236000 	/System/Library/Frameworks/OpenGL.framework/Versions/A/Libraries/libCoreVMClient.dylib
0x0000000000236000 	/usr/lib/libcups.2.dylib
0x0000000000236000 	/System/Library/Frameworks/Kerberos.framework/Versions/A/Kerberos
0x0000000000236000 	/System/Library/Frameworks/GSS.framework/Versions/A/GSS
0x0000000000236000 	/usr/lib/libresolv.9.dylib
0x0000000000236000 	/usr/lib/libiconv.2.dylib
0x0000000000236000 	/System/Library/PrivateFrameworks/Heimdal.framework/Versions/A/Heimdal
0x0000000000236000 	/usr/lib/libheimdal-asn1.dylib
0x0000000000236000 	/System/Library/Frameworks/OpenDirectory.framework/Versions/A/OpenDirectory
0x0000000000236000 	/System/Library/PrivateFrameworks/CommonAuth.framework/Versions/A/CommonAuth
0x0000000000236000 	/System/Library/Frameworks/OpenDirectory.framework/Versions/A/Frameworks/CFOpenDirectory.framework/Versions/A/CFOpenDirectory
0x0000000000236000 	/System/Library/Frameworks/SecurityFoundation.framework/Versions/A/SecurityFoundation
0x0000000000236000 	/System/Library/PrivateFrameworks/APFS.framework/Versions/A/APFS
0x0000000000236000 	/usr/lib/libutil.dylib
0x0000000000236000 	/System/Library/PrivateFrameworks/AppleSauce.framework/Versions/A/AppleSauce
0x0000000000236000 	/System/Library/PrivateFrameworks/LinguisticData.framework/Versions/A/LinguisticData
0x0000000000236000 	/usr/lib/libmarisa.dylib
0x0000000000236000 	/System/Library/PrivateFrameworks/Lexicon.framework/Versions/A/Lexicon
0x0000000000236000 	/usr/lib/libChineseTokenizer.dylib
0x0000000000236000 	/usr/lib/libcmph.dylib
0x0000000000236000 	/System/Library/PrivateFrameworks/LanguageModeling.framework/Versions/A/LanguageModeling
0x0000000000236000 	/System/Library/PrivateFrameworks/CoreEmoji.framework/Versions/A/CoreEmoji
0x0000000000236000 	/System/Library/Frameworks/ServiceManagement.framework/Versions/A/ServiceManagement
0x0000000000236000 	/System/Library/PrivateFrameworks/BackgroundTaskManagement.framework/Versions/A/BackgroundTaskManagement
0x0000000000236000 	/usr/lib/libxslt.1.dylib
0x0000000000236000 	/System/Library/Frameworks/Carbon.framework/Versions/A/Frameworks/Ink.framework/Versions/A/Ink
0x0000000000236000 	/System/Library/PrivateFrameworks/TextureIO.framework/Versions/A/TextureIO
0x0000000000236000 	/usr/lib/libate.dylib
0x0000000000236000 	/System/Library/PrivateFrameworks/CrashReporterSupport.framework/Versions/A/CrashReporterSupport
0x0000000000236000 	/System/Library/PrivateFrameworks/Sharing.framework/Versions/A/Sharing
0x0000000000236000 	/System/Library/PrivateFrameworks/IconServices.framework/Versions/A/IconServices
0x0000000000236000 	/System/Library/PrivateFrameworks/ProtocolBuffer.framework/Versions/A/ProtocolBuffer
0x0000000000236000 	/System/Library/PrivateFrameworks/Apple80211.framework/Versions/A/Apple80211
0x0000000000236000 	/System/Library/Frameworks/CoreWLAN.framework/Versions/A/CoreWLAN
0x0000000000236000 	/System/Library/PrivateFrameworks/CoreUtils.framework/Versions/A/CoreUtils
0x0000000000236000 	/System/Library/Frameworks/IOBluetooth.framework/Versions/A/IOBluetooth
0x0000000000236000 	/System/Library/PrivateFrameworks/CoreWiFi.framework/Versions/A/CoreWiFi
0x0000000000236000 	/System/Library/Frameworks/CoreBluetooth.framework/Versions/A/CoreBluetooth
0x0000000000236000 	/System/Library/PrivateFrameworks/SignpostNotification.framework/Versions/A/SignpostNotification
0x0000000000236000 	/System/Library/PrivateFrameworks/DebugSymbols.framework/Versions/A/DebugSymbols
0x0000000000236000 	/System/Library/PrivateFrameworks/CoreSymbolication.framework/Versions/A/CoreSymbolication
0x0000000000236000 	/System/Library/PrivateFrameworks/Symbolication.framework/Versions/A/Symbolication
0x0000000000236000 	/System/Library/PrivateFrameworks/AppleFSCompression.framework/Versions/A/AppleFSCompression
0x0000000000236000 	/System/Library/PrivateFrameworks/SpeechRecognitionCore.framework/Versions/A/SpeechRecognitionCore
0x000000010843b000 	/Library/Java/JavaVirtualMachines/jdk1.8.0_162.jdk/Contents/Home/jre/lib/server/libjvm.dylib
0x0000000000236000 	/usr/lib/libstdc++.6.0.9.dylib
0x00000001064c4000 	/Library/Java/JavaVirtualMachines/jdk1.8.0_162.jdk/Contents/Home/jre/lib/libverify.dylib
0x00000001064d2000 	/Library/Java/JavaVirtualMachines/jdk1.8.0_162.jdk/Contents/Home/jre/lib/libjava.dylib
0x0000000106552000 	/Library/Java/JavaVirtualMachines/jdk1.8.0_162.jdk/Contents/Home/jre/lib/libzip.dylib
0x00000001250ae000 	/Library/Java/JavaVirtualMachines/jdk1.8.0_162.jdk/Contents/Home/jre/lib/libnet.dylib
0x000000012510d000 	/Library/Java/JavaVirtualMachines/jdk1.8.0_162.jdk/Contents/Home/jre/lib/libnio.dylib
0x0000000125b93000 	/Library/Java/JavaVirtualMachines/jdk1.8.0_162.jdk/Contents/Home/jre/lib/libmanagement.dylib
0x00000001267e9000 	/Library/Java/JavaVirtualMachines/jdk1.8.0_162.jdk/Contents/Home/jre/lib/libsunec.dylib

VM Arguments:
java_command: exoplanet-0.9.0-fat.jar
java_class_path (initial): exoplanet-0.9.0-fat.jar
Launcher Type: SUN_STANDARD

Environment Variables:
JAVA_HOME=/Library/Java/JavaVirtualMachines/jdk1.8.0_162.jdk/Contents/Home
PATH=/Users/brian.lanham/.local/bin:/usr/local/bin:/usr/bin:/bin:/usr/sbin:/sbin:/usr/local/sbin:/usr/local/share/dotnet
SHELL=/bin/bash

Signal Handlers:
SIGSEGV: [libjvm.dylib+0x5b52b5], sa_mask[0]=11111111011111110111111111111111, sa_flags=SA_ONSTACK|SA_RESTART|SA_SIGINFO
SIGBUS: [libjvm.dylib+0x5b52b5], sa_mask[0]=11111111011111110111111111111111, sa_flags=SA_RESTART|SA_SIGINFO
SIGFPE: [libjvm.dylib+0x48ac5c], sa_mask[0]=11111111011111110111111111111111, sa_flags=SA_RESTART|SA_SIGINFO
SIGPIPE: [libjvm.dylib+0x48ac5c], sa_mask[0]=11111111011111110111111111111111, sa_flags=SA_RESTART|SA_SIGINFO
SIGXFSZ: [libjvm.dylib+0x48ac5c], sa_mask[0]=11111111011111110111111111111111, sa_flags=SA_RESTART|SA_SIGINFO
SIGILL: [libjvm.dylib+0x48ac5c], sa_mask[0]=11111111011111110111111111111111, sa_flags=SA_RESTART|SA_SIGINFO
SIGUSR1: SIG_DFL, sa_mask[0]=11011111011111100000000111000110, sa_flags=none
SIGUSR2: [libjvm.dylib+0x48a77a], sa_mask[0]=00100000000000000000000000000000, sa_flags=SA_RESTART|SA_SIGINFO
SIGHUP: [libjvm.dylib+0x488d45], sa_mask[0]=11111111011111110111111111111111, sa_flags=SA_RESTART|SA_SIGINFO
SIGINT: [libjvm.dylib+0x488d45], sa_mask[0]=11111111011111110111111111111111, sa_flags=SA_RESTART|SA_SIGINFO
SIGTERM: [libjvm.dylib+0x488d45], sa_mask[0]=11111111011111110111111111111111, sa_flags=SA_RESTART|SA_SIGINFO
SIGQUIT: [libjvm.dylib+0x488d45], sa_mask[0]=11111111011111110111111111111111, sa_flags=SA_RESTART|SA_SIGINFO


---------------  S Y S T E M  ---------------

OS:Bsduname:Darwin 17.4.0 Darwin Kernel Version 17.4.0: Sun Dec 17 09:19:54 PST 2017; root:xnu-4570.41.2~1/RELEASE_X86_64 x86_64
rlimit: STACK 8192k, CORE 0k, NPROC 1418, NOFILE 10240, AS infinity
load average:2.68 2.96 3.00

CPU:total 8 (initial active 8) (4 cores per cpu, 2 threads per core) family 6 model 158 stepping 9, cmov, cx8, fxsr, mmx, sse, sse2, sse3, ssse3, sse4.1, sse4.2, popcnt, avx, avx2, aes, clmul, erms, rtm, 3dnowpref, lzcnt, ht, tsc, tscinvbit, bmi1, bmi2, adx

Memory: 4k page, physical 16777216k(98092k free)

/proc/meminfo:


vm_info: Java HotSpot(TM) 64-Bit Server VM (25.162-b12) for bsd-amd64 JRE (1.8.0_162-b12), built on Dec 19 2017 17:33:35 by "java_re" with gcc 4.2.1 (Based on Apple Inc. build 5658) (LLVM build 2336.11.00)

time: Wed Oct 17 15:30:25 2018
elapsed time: 105 seconds (0d 0h 1m 45s)

